╔═══════════════════════════════════════════════════════════════════╗
║            PUITS COURONNE - DIAGNOSTIC LOG                        ║
║            2026-01-02 12:52:46                               ║
╚═══════════════════════════════════════════════════════════════════╝


======================================================================
  Démarrage du Run 0
======================================================================
=== MASSES DES ANNEAUX D'EAU ===
  Anneau 0 : r=[0-5] mm | V=0.3927 cm³ | m=0.3927 g
  Anneau 1 : r=[5-10] mm | V=1.1781 cm³ | m=1.1781 g
  Anneau 2 : r=[10-15] mm | V=1.9635 cm³ | m=1.9635 g
  Anneau 3 : r=[15-20] mm | V=2.7489 cm³ | m=2.7489 g
  Anneau 4 : r=[20-25] mm | V=3.5343 cm³ | m=3.5343 g
  TOTAL : 9.81748 g
UPSTREAM | Event 0 | PRIMARY gamma trackID=1 | E=344.28 keV | [344 keV]
PRE_FILTER_PLANE | Event 0 | trackID=1 | E=344.28 keV | z=35.5 mm
FILTER_ENTRY | Event 0 | trackID=1 | E=344.28 keV | [344 keV] | z=37.5 mm
FILTER_EXIT | Event 0 | trackID=1 | E=344.28 keV | [344 keV] | z=42.5 mm
POST_FILTER_PLANE | Event 0 | trackID=1 | E=344.28 keV | z=43.5 mm
DOWNSTREAM | Event 0 | PRIMARY gamma trackID=1 | E=344.28 keV | [344 keV]
PRE_CONTAINER_PLANE | Event 0 | PHOTON +z | trackID=1 | E=344.28 keV | z=97.5 mm
WATER_ENTRY | Event 0 | gamma | trackID=1 | parentID=0 | E=344.28 keV | [344 keV] | r=18.2893 mm | z=98.5 mm | WaterRing_3Log
POST_CONTAINER_PLANE | Event 0 | PHOTON +z (transmis) | trackID=1 | E=344.28 keV | z=103.5 mm
CONTAINER_ENTRY | Event 0 | trackID=1 | E=344.28 keV | z=103.52 mm
GAMMA_ABSORBED | Event 0 | trackID=1 | in World | E=344.28 keV
EVENT 0 SUMMARY: Primaries=1 Transmitted=1 Absorbed=0 TotalDeposit=0 keV
  PreContainer: nPhotons=1 sumE=344.28 keV | nElec=0 sumE=0 keV
  PostContainer: nPhotons_back=0 sumE_back=0 keV | nPhotons_fwd=1 sumE_fwd=344.28 keV | nElec_back=0 sumE_back=0 keV | nElec_fwd=0 sumE_fwd=0 keV
UPSTREAM | Event 1 | PRIMARY gamma trackID=3 | E=1408.01 keV | [1408 keV]
PRE_FILTER_PLANE | Event 1 | trackID=3 | E=1408.01 keV | z=35.5 mm
FILTER_ENTRY | Event 1 | trackID=3 | E=1408.01 keV | [1408 keV] | z=37.5 mm
FILTER_EXIT | Event 1 | trackID=3 | E=1408.01 keV | [1408 keV] | z=42.5 mm
POST_FILTER_PLANE | Event 1 | trackID=3 | E=1408.01 keV | z=43.5 mm
DOWNSTREAM | Event 1 | PRIMARY gamma trackID=3 | E=1408.01 keV | [1408 keV]
PRE_CONTAINER_PLANE | Event 1 | PHOTON +z | trackID=3 | E=1408.01 keV | z=97.5 mm
WATER_ENTRY | Event 1 | gamma | trackID=3 | parentID=0 | E=1408.01 keV | [1408 keV] | r=20.9511 mm | z=98.5 mm | WaterRing_4Log
POST_CONTAINER_PLANE | Event 1 | PHOTON +z (transmis) | trackID=3 | E=1408.01 keV | z=103.5 mm
CONTAINER_ENTRY | Event 1 | trackID=3 | E=1408.01 keV | z=103.52 mm
GAMMA_ABSORBED | Event 1 | trackID=3 | in World | E=1408.01 keV
UPSTREAM | Event 1 | PRIMARY gamma trackID=2 | E=867.38 keV | [867 keV]
PRE_FILTER_PLANE | Event 1 | trackID=2 | E=867.38 keV | z=35.5 mm
FILTER_ENTRY | Event 1 | trackID=2 | E=867.38 keV | [867 keV] | z=37.5 mm
FILTER_EXIT | Event 1 | trackID=2 | E=867.38 keV | [867 keV] | z=42.5 mm
POST_FILTER_PLANE | Event 1 | trackID=2 | E=867.38 keV | z=43.5 mm
DOWNSTREAM | Event 1 | PRIMARY gamma trackID=2 | E=867.38 keV | [867 keV]
PRE_CONTAINER_PLANE | Event 1 | PHOTON +z | trackID=2 | E=867.38 keV | z=97.5 mm
WATER_ENTRY | Event 1 | gamma | trackID=2 | parentID=0 | E=867.38 keV | [867 keV] | r=17.3522 mm | z=98.5 mm | WaterRing_3Log
POST_CONTAINER_PLANE | Event 1 | PHOTON +z (transmis) | trackID=2 | E=867.38 keV | z=103.5 mm
CONTAINER_ENTRY | Event 1 | trackID=2 | E=867.38 keV | z=103.52 mm
GAMMA_ABSORBED | Event 1 | trackID=2 | in World | E=867.38 keV
UPSTREAM | Event 1 | PRIMARY gamma trackID=1 | E=121.78 keV | [122 keV]
PRE_FILTER_PLANE | Event 1 | trackID=1 | E=121.78 keV | z=35.5 mm
FILTER_ENTRY | Event 1 | trackID=1 | E=121.78 keV | [122 keV] | z=37.5 mm
FILTER_EXIT | Event 1 | trackID=1 | E=121.78 keV | [122 keV] | z=42.5 mm
POST_FILTER_PLANE | Event 1 | trackID=1 | E=121.78 keV | z=43.5 mm
DOWNSTREAM | Event 1 | PRIMARY gamma trackID=1 | E=121.78 keV | [122 keV]
PRE_CONTAINER_PLANE | Event 1 | PHOTON +z | trackID=1 | E=111.084 keV | z=97.5 mm
WATER_ENTRY | Event 1 | gamma | trackID=1 | parentID=0 | E=111.084 keV | [122 keV] | r=17.0498 mm | z=98.5 mm | WaterRing_3Log
POST_CONTAINER_PLANE | Event 1 | PHOTON +z (transmis) | trackID=1 | E=111.084 keV | z=102.721 mm
WATER_ENTRY | Event 1 | gamma | trackID=1 | parentID=0 | E=111.084 keV | [122 keV] | r=25 mm | z=102.721 mm | WaterRing_4Log
CONTAINER_ENTRY | Event 1 | trackID=1 | E=111.084 keV | z=102.721 mm
GAMMA_ABSORBED | Event 1 | trackID=1 | in World | E=111.084 keV
EVENT 1 SUMMARY: Primaries=3 Transmitted=3 Absorbed=0 TotalDeposit=0 keV
  PreContainer: nPhotons=3 sumE=2386.47 keV | nElec=0 sumE=0 keV
  PostContainer: nPhotons_back=0 sumE_back=0 keV | nPhotons_fwd=3 sumE_fwd=2386.47 keV | nElec_back=0 sumE_back=0 keV | nElec_fwd=0 sumE_fwd=0 keV
UPSTREAM | Event 2 | PRIMARY gamma trackID=2 | E=344.28 keV | [344 keV]
PRE_FILTER_PLANE | Event 2 | trackID=2 | E=344.28 keV | z=35.5 mm
FILTER_ENTRY | Event 2 | trackID=2 | E=344.28 keV | [344 keV] | z=37.5 mm
FILTER_EXIT | Event 2 | trackID=2 | E=344.28 keV | [344 keV] | z=42.5 mm
POST_FILTER_PLANE | Event 2 | trackID=2 | E=344.28 keV | z=43.5 mm
DOWNSTREAM | Event 2 | PRIMARY gamma trackID=2 | E=344.28 keV | [344 keV]
CONTAINER_ENTRY | Event 2 | trackID=2 | E=344.28 keV | z=96.5 mm
GAMMA_ABSORBED | Event 2 | trackID=2 | in World | E=344.28 keV
UPSTREAM | Event 2 | PRIMARY gamma trackID=1 | E=121.78 keV | [122 keV]
PRE_FILTER_PLANE | Event 2 | trackID=1 | E=121.78 keV | z=35.5 mm
FILTER_ENTRY | Event 2 | trackID=1 | E=121.78 keV | [122 keV] | z=37.5 mm
FILTER_EXIT | Event 2 | trackID=1 | E=121.78 keV | [122 keV] | z=42.5 mm
POST_FILTER_PLANE | Event 2 | trackID=1 | E=121.78 keV | z=43.5 mm
DOWNSTREAM | Event 2 | PRIMARY gamma trackID=1 | E=121.78 keV | [122 keV]
PRE_CONTAINER_PLANE | Event 2 | PHOTON +z | trackID=1 | E=121.78 keV | z=97.5 mm
WATER_ENTRY | Event 2 | gamma | trackID=1 | parentID=0 | E=121.78 keV | [122 keV] | r=20.5926 mm | z=98.5 mm | WaterRing_4Log
POST_CONTAINER_PLANE | Event 2 | PHOTON +z (transmis) | trackID=1 | E=121.78 keV | z=103.5 mm
CONTAINER_ENTRY | Event 2 | trackID=1 | E=121.78 keV | z=103.52 mm
GAMMA_ABSORBED | Event 2 | trackID=1 | in World | E=121.78 keV
EVENT 2 SUMMARY: Primaries=2 Transmitted=2 Absorbed=0 TotalDeposit=0 keV
  PreContainer: nPhotons=1 sumE=121.78 keV | nElec=0 sumE=0 keV
  PostContainer: nPhotons_back=0 sumE_back=0 keV | nPhotons_fwd=1 sumE_fwd=121.78 keV | nElec_back=0 sumE_back=0 keV | nElec_fwd=0 sumE_fwd=0 keV
UPSTREAM | Event 3 | PRIMARY gamma trackID=1 | E=964.08 keV | [964 keV]
PRE_FILTER_PLANE | Event 3 | trackID=1 | E=964.08 keV | z=35.5 mm
FILTER_ENTRY | Event 3 | trackID=1 | E=964.08 keV | [964 keV] | z=37.5 mm
FILTER_EXIT | Event 3 | trackID=1 | E=964.08 keV | [964 keV] | z=42.5 mm
POST_FILTER_PLANE | Event 3 | trackID=1 | E=964.08 keV | z=43.5 mm
DOWNSTREAM | Event 3 | PRIMARY gamma trackID=1 | E=964.08 keV | [964 keV]
GAMMA_ABSORBED | Event 3 | trackID=1 | in World | E=964.08 keV
EVENT 3 SUMMARY: Primaries=1 Transmitted=1 Absorbed=0 TotalDeposit=0 keV
  PreContainer: nPhotons=0 sumE=0 keV | nElec=0 sumE=0 keV
  PostContainer: nPhotons_back=0 sumE_back=0 keV | nPhotons_fwd=0 sumE_fwd=0 keV | nElec_back=0 sumE_back=0 keV | nElec_fwd=0 sumE_fwd=0 keV
UPSTREAM | Event 4 | PRIMARY gamma trackID=2 | E=1408.01 keV | [1408 keV]
PRE_FILTER_PLANE | Event 4 | trackID=2 | E=1408.01 keV | z=35.5 mm
FILTER_ENTRY | Event 4 | trackID=2 | E=1408.01 keV | [1408 keV] | z=37.5 mm
FILTER_EXIT | Event 4 | trackID=2 | E=1408.01 keV | [1408 keV] | z=42.5 mm
POST_FILTER_PLANE | Event 4 | trackID=2 | E=1408.01 keV | z=43.5 mm
DOWNSTREAM | Event 4 | PRIMARY gamma trackID=2 | E=1408.01 keV | [1408 keV]
PRE_CONTAINER_PLANE | Event 4 | PHOTON +z | trackID=2 | E=1408.01 keV | z=97.5 mm
WATER_ENTRY | Event 4 | gamma | trackID=2 | parentID=0 | E=1408.01 keV | [1408 keV] | r=24.9613 mm | z=98.5 mm | WaterRing_4Log
CONTAINER_ENTRY | Event 4 | trackID=2 | E=1408.01 keV | z=98.6218 mm
GAMMA_ABSORBED | Event 4 | trackID=2 | in World | E=1408.01 keV
UPSTREAM | Event 4 | PRIMARY gamma trackID=1 | E=121.78 keV | [122 keV]
PRE_FILTER_PLANE | Event 4 | trackID=1 | E=121.78 keV | z=35.5 mm
FILTER_ENTRY | Event 4 | trackID=1 | E=121.78 keV | [122 keV] | z=37.5 mm
FILTER_EXIT | Event 4 | trackID=1 | E=121.78 keV | [122 keV] | z=42.5 mm
POST_FILTER_PLANE | Event 4 | trackID=1 | E=121.78 keV | z=43.5 mm
DOWNSTREAM | Event 4 | PRIMARY gamma trackID=1 | E=121.78 keV | [122 keV]
PRE_CONTAINER_PLANE | Event 4 | PHOTON +z | trackID=1 | E=121.78 keV | z=97.5 mm
WATER_ENTRY | Event 4 | gamma | trackID=1 | parentID=0 | E=121.78 keV | [122 keV] | r=11.8502 mm | z=98.5 mm | WaterRing_2Log
POST_CONTAINER_PLANE | Event 4 | PHOTON +z (transmis) | trackID=1 | E=121.78 keV | z=103.5 mm
CONTAINER_ENTRY | Event 4 | trackID=1 | E=121.78 keV | z=103.52 mm
GAMMA_ABSORBED | Event 4 | trackID=1 | in World | E=121.78 keV
EVENT 4 SUMMARY: Primaries=2 Transmitted=2 Absorbed=0 TotalDeposit=0 keV
  PreContainer: nPhotons=2 sumE=1529.79 keV | nElec=0 sumE=0 keV
  PostContainer: nPhotons_back=0 sumE_back=0 keV | nPhotons_fwd=1 sumE_fwd=121.78 keV | nElec_back=0 sumE_back=0 keV | nElec_fwd=0 sumE_fwd=0 keV
UPSTREAM | Event 5 | PRIMARY gamma trackID=4 | E=1408.01 keV | [1408 keV]
PRE_FILTER_PLANE | Event 5 | trackID=4 | E=1408.01 keV | z=35.5 mm
FILTER_ENTRY | Event 5 | trackID=4 | E=1408.01 keV | [1408 keV] | z=37.5 mm
FILTER_EXIT | Event 5 | trackID=4 | E=1408.01 keV | [1408 keV] | z=42.5 mm
POST_FILTER_PLANE | Event 5 | trackID=4 | E=1408.01 keV | z=43.5 mm
DOWNSTREAM | Event 5 | PRIMARY gamma trackID=4 | E=1408.01 keV | [1408 keV]
PRE_CONTAINER_PLANE | Event 5 | PHOTON +z | trackID=4 | E=1408.01 keV | z=97.5 mm
WATER_ENTRY | Event 5 | gamma | trackID=4 | parentID=0 | E=1408.01 keV | [1408 keV] | r=8.98517 mm | z=98.5 mm | WaterRing_1Log
POST_CONTAINER_PLANE | Event 5 | PHOTON +z (transmis) | trackID=4 | E=1408.01 keV | z=103.5 mm
CONTAINER_ENTRY | Event 5 | trackID=4 | E=1408.01 keV | z=103.52 mm
GAMMA_ABSORBED | Event 5 | trackID=4 | in World | E=1408.01 keV
UPSTREAM | Event 5 | PRIMARY gamma trackID=3 | E=1085.87 keV | [1086 keV]
PRE_FILTER_PLANE | Event 5 | trackID=3 | E=1085.87 keV | z=35.5 mm
FILTER_ENTRY | Event 5 | trackID=3 | E=1085.87 keV | [1086 keV] | z=37.5 mm
FILTER_EXIT | Event 5 | trackID=3 | E=1085.87 keV | [1086 keV] | z=42.5 mm
POST_FILTER_PLANE | Event 5 | trackID=3 | E=1085.87 keV | z=43.5 mm
DOWNSTREAM | Event 5 | PRIMARY gamma trackID=3 | E=1085.87 keV | [1086 keV]
PRE_CONTAINER_PLANE | Event 5 | PHOTON +z | trackID=3 | E=1085.87 keV | z=97.5 mm
WATER_ENTRY | Event 5 | gamma | trackID=3 | parentID=0 | E=1085.87 keV | [1086 keV] | r=16.2782 mm | z=98.5 mm | WaterRing_3Log
POST_CONTAINER_PLANE | Event 5 | PHOTON +z (transmis) | trackID=3 | E=1085.87 keV | z=103.5 mm
CONTAINER_ENTRY | Event 5 | trackID=3 | E=1085.87 keV | z=103.52 mm
GAMMA_ABSORBED | Event 5 | trackID=3 | in World | E=1085.87 keV
UPSTREAM | Event 5 | PRIMARY gamma trackID=2 | E=964.08 keV | [964 keV]
PRE_FILTER_PLANE | Event 5 | trackID=2 | E=964.08 keV | z=35.5 mm
FILTER_ENTRY | Event 5 | trackID=2 | E=964.08 keV | [964 keV] | z=37.5 mm
FILTER_EXIT | Event 5 | trackID=2 | E=964.08 keV | [964 keV] | z=42.5 mm
POST_FILTER_PLANE | Event 5 | trackID=2 | E=964.08 keV | z=43.5 mm
DOWNSTREAM | Event 5 | PRIMARY gamma trackID=2 | E=964.08 keV | [964 keV]
PRE_CONTAINER_PLANE | Event 5 | PHOTON +z | trackID=2 | E=964.08 keV | z=97.5 mm
WATER_ENTRY | Event 5 | gamma | trackID=2 | parentID=0 | E=964.08 keV | [964 keV] | r=6.83978 mm | z=98.5 mm | WaterRing_1Log
POST_CONTAINER_PLANE | Event 5 | PHOTON +z (transmis) | trackID=2 | E=964.08 keV | z=103.5 mm
CONTAINER_ENTRY | Event 5 | trackID=2 | E=964.08 keV | z=103.52 mm
GAMMA_ABSORBED | Event 5 | trackID=2 | in World | E=964.08 keV
UPSTREAM | Event 5 | PRIMARY gamma trackID=1 | E=121.78 keV | [122 keV]
PRE_FILTER_PLANE | Event 5 | trackID=1 | E=121.78 keV | z=35.5 mm
FILTER_ENTRY | Event 5 | trackID=1 | E=121.78 keV | [122 keV] | z=37.5 mm
FILTER_EXIT | Event 5 | trackID=1 | E=121.78 keV | [122 keV] | z=42.5 mm
POST_FILTER_PLANE | Event 5 | trackID=1 | E=121.78 keV | z=43.5 mm
DOWNSTREAM | Event 5 | PRIMARY gamma trackID=1 | E=121.78 keV | [122 keV]
PRE_CONTAINER_PLANE | Event 5 | PHOTON +z | trackID=1 | E=121.78 keV | z=97.5 mm
WATER_ENTRY | Event 5 | gamma | trackID=1 | parentID=0 | E=121.78 keV | [122 keV] | r=24.3046 mm | z=98.5 mm | WaterRing_4Log
CONTAINER_ENTRY | Event 5 | trackID=1 | E=121.78 keV | z=100.746 mm
GAMMA_ABSORBED | Event 5 | trackID=1 | in World | E=121.78 keV
EVENT 5 SUMMARY: Primaries=4 Transmitted=4 Absorbed=0 TotalDeposit=0 keV
  PreContainer: nPhotons=4 sumE=3579.74 keV | nElec=0 sumE=0 keV
  PostContainer: nPhotons_back=0 sumE_back=0 keV | nPhotons_fwd=3 sumE_fwd=3457.96 keV | nElec_back=0 sumE_back=0 keV | nElec_fwd=0 sumE_fwd=0 keV
UPSTREAM | Event 6 | PRIMARY gamma trackID=1 | E=1112.07 keV | [1112 keV]
PRE_FILTER_PLANE | Event 6 | trackID=1 | E=1112.07 keV | z=35.5 mm
FILTER_ENTRY | Event 6 | trackID=1 | E=1112.07 keV | [1112 keV] | z=37.5 mm
FILTER_EXIT | Event 6 | trackID=1 | E=1112.07 keV | [1112 keV] | z=42.5 mm
POST_FILTER_PLANE | Event 6 | trackID=1 | E=1112.07 keV | z=43.5 mm
DOWNSTREAM | Event 6 | PRIMARY gamma trackID=1 | E=1112.07 keV | [1112 keV]
PRE_CONTAINER_PLANE | Event 6 | PHOTON +z | trackID=1 | E=1112.07 keV | z=97.5 mm
WATER_ENTRY | Event 6 | gamma | trackID=1 | parentID=0 | E=1112.07 keV | [1112 keV] | r=23.0524 mm | z=98.5 mm | WaterRing_4Log
POST_CONTAINER_PLANE | Event 6 | PHOTON +z (transmis) | trackID=1 | E=1112.07 keV | z=103.5 mm
CONTAINER_ENTRY | Event 6 | trackID=1 | E=1112.07 keV | z=103.52 mm
GAMMA_ABSORBED | Event 6 | trackID=1 | in World | E=1112.07 keV
EVENT 6 SUMMARY: Primaries=1 Transmitted=1 Absorbed=0 TotalDeposit=0 keV
  PreContainer: nPhotons=1 sumE=1112.07 keV | nElec=0 sumE=0 keV
  PostContainer: nPhotons_back=0 sumE_back=0 keV | nPhotons_fwd=1 sumE_fwd=1112.07 keV | nElec_back=0 sumE_back=0 keV | nElec_fwd=0 sumE_fwd=0 keV
UPSTREAM | Event 7 | PRIMARY gamma trackID=1 | E=1408.01 keV | [1408 keV]
PRE_FILTER_PLANE | Event 7 | trackID=1 | E=1408.01 keV | z=35.5 mm
FILTER_ENTRY | Event 7 | trackID=1 | E=1408.01 keV | [1408 keV] | z=37.5 mm
FILTER_EXIT | Event 7 | trackID=1 | E=1408.01 keV | [1408 keV] | z=42.5 mm
POST_FILTER_PLANE | Event 7 | trackID=1 | E=1408.01 keV | z=43.5 mm
DOWNSTREAM | Event 7 | PRIMARY gamma trackID=1 | E=1408.01 keV | [1408 keV]
CONTAINER_ENTRY | Event 7 | trackID=1 | E=1408.01 keV | z=96.5 mm
GAMMA_ABSORBED | Event 7 | trackID=1 | in World | E=1408.01 keV
EVENT 7 SUMMARY: Primaries=1 Transmitted=1 Absorbed=0 TotalDeposit=0 keV
  PreContainer: nPhotons=0 sumE=0 keV | nElec=0 sumE=0 keV
  PostContainer: nPhotons_back=0 sumE_back=0 keV | nPhotons_fwd=0 sumE_fwd=0 keV | nElec_back=0 sumE_back=0 keV | nElec_fwd=0 sumE_fwd=0 keV
EVENT 8 SUMMARY: Primaries=0 Transmitted=0 Absorbed=0 TotalDeposit=0 keV
  PreContainer: nPhotons=0 sumE=0 keV | nElec=0 sumE=0 keV
  PostContainer: nPhotons_back=0 sumE_back=0 keV | nPhotons_fwd=0 sumE_fwd=0 keV | nElec_back=0 sumE_back=0 keV | nElec_fwd=0 sumE_fwd=0 keV
EVENT 9 SUMMARY: Primaries=0 Transmitted=0 Absorbed=0 TotalDeposit=0 keV
  PreContainer: nPhotons=0 sumE=0 keV | nElec=0 sumE=0 keV
  PostContainer: nPhotons_back=0 sumE_back=0 keV | nPhotons_fwd=0 sumE_fwd=0 keV | nElec_back=0 sumE_back=0 keV | nElec_fwd=0 sumE_fwd=0 keV

╔═══════════════════════════════════════════════════════════════════════════════╗
║                           RÉSULTATS DU RUN                                    ║
╠═══════════════════════════════════════════════════════════════════════════════╣
║  Événements simulés:   25000000                                          ║
║  Primaires générés:    36079126                                          ║
║  Transmis:             36072553                                          ║
║  Absorbés:                 4188                                          ║
╠═══════════════════════════════════════════════════════════════════════════════╣
║  COMPTEURS DE PASSAGE (plans cylindriques) :                                  ║
║    Pre-filtre:         36076423                                          ║
║    Post-filtre:        36074461                                          ║
║    Pre-container:      28228305  (avant eau, air)                       ║
║    Post-container:     25011791  (après eau, W_PETG)                    ║
╚═══════════════════════════════════════════════════════════════════════════════╝

╔═══════════════════════════════════════════════════════════════════════════════════════════════╗
║                                  DOSES PAR ANNEAU (nGy)                                       ║
╠══════════╦═══════════════╦═══════════════╦═══════════════╦═══════════════╦════════════════════╣
║  Anneau  ║   Masse (g)   ║ E_dep (MeV)   ║  Dose (nGy)   ║ Dose/evt(nGy) ║  Événements        ║
╠══════════╬═══════════════╬═══════════════╬═══════════════╬═══════════════╬════════════════════╣
║     0    ║       0.3927  ║    2.348e+01  ║    9.579e+00  ║    8.909e-04  ║             10753  ║
║     1    ║       1.1781  ║    6.678e+01  ║    9.082e+00  ║    3.084e-04  ║             29452  ║
║     2    ║       1.9635  ║    1.044e+02  ║    8.517e+00  ║    1.770e-04  ║             48120  ║
║     3    ║       2.7489  ║    1.334e+02  ║    7.777e+00  ║    1.216e-04  ║             63958  ║
║     4    ║       3.5343  ║    1.324e+02  ║    6.004e+00  ║    8.656e-05  ║             69356  ║
╠══════════╬═══════════════╬═══════════════╬═══════════════╬═══════════════╬════════════════════╣
║  TOTAL   ║       9.8175  ║    4.605e+02  ║    7.515e+00  ║    3.006e-07  ║          25000000  ║
╚══════════╩═══════════════╩═══════════════╩═══════════════╩═══════════════╩════════════════════╝

╔════════════════════════════════════════════════════════════════════════════════════════════════════════════════════╗
║                                    TAUX D'ABSORPTION PAR RAIE GAMMA Eu-152                                         ║
╠═══════════════╦═══════════╦═══════════════╦═══════════════╦═══════════════╦═══════════════╦═══════════════════════════╣
║     Raie      ║   Émis    ║ Sortis filtre ║  Abs. filtre  ║ Entrés eau    ║   Abs. eau    ║  Taux abs. filtre/eau (%) ║
╠═══════════════╬═══════════╬═══════════════╬═══════════════╬═══════════════╬═══════════════╬═══════════════════════════╣
║ 122 keV       ║   7103781 ║       7102596 ║          1163 ║       5304530 ║             9 ║       0.02 /       0.00 ║
║ 245 keV       ║   1880954 ║       1880740 ║           209 ║       1422041 ║             0 ║       0.01 /       0.00 ║
║ 344 keV       ║   6649755 ║       6649057 ║           673 ║       5051959 ║             0 ║       0.01 /       0.00 ║
║ 411 keV       ║    559668 ║        559616 ║            52 ║        427066 ║             0 ║       0.01 /       0.00 ║
║ 444 keV       ║    707691 ║        707637 ║            51 ║        539769 ║             0 ║       0.01 /       0.00 ║
║ 779 keV       ║   3243574 ║       3243393 ║           175 ║       2491540 ║             0 ║       0.01 /       0.00 ║
║ 867 keV       ║   1061728 ║       1061662 ║            64 ║        816108 ║             0 ║       0.01 /       0.00 ║
║ 964 keV       ║   3658954 ║       3658760 ║           188 ║       2815820 ║             0 ║       0.01 /       0.00 ║
║ 1086 keV      ║   2552172 ║       2552057 ║           111 ║       1968463 ║             0 ║       0.00 /       0.00 ║
║ 1112 keV      ║   3409635 ║       3409460 ║           169 ║       2627854 ║             0 ║       0.00 /       0.00 ║
║ 1408 keV      ║   5251214 ║       5250979 ║           232 ║       4057389 ║             1 ║       0.00 /       0.00 ║
╠═══════════════╬═══════════╬═══════════════╬═══════════════╬═══════════════╬═══════════════╬═══════════════════════════╣
║     TOTAL     ║  36079126 ║      36075957 ║          3087 ║      27522539 ║            10 ║       0.01 /       0.00 ║
╚═══════════════╩═══════════════╩═══════════════╩═══════════════╩═══════════════╩═══════════════╩═══════════════════════════╝

======================================================================
  Fin du Run - Résultats
======================================================================

╔═══════════════════════════════════════════════════════════════════╗
║            END OF LOG - 2026-01-02 13:08:45                    ║
╚═══════════════════════════════════════════════════════════════════╝
